-------------------------------------------------------------------------------
Test set: cucumberJava.RunTest
-------------------------------------------------------------------------------
Tests run: 21, Failures: 0, Errors: 1, Skipped: 0, Time elapsed: 6.562 sec <<< FAILURE!
cucumberJava.RunTest  Time elapsed: 0.044 sec  <<< ERROR!
java.lang.reflect.UndeclaredThrowableException
	at com.sun.proxy.$Proxy10.done(Unknown Source)
	at cucumber.junit.JUnitReporter.done(JUnitReporter.java:141)
	at cucumber.junit.Cucumber.run(Cucumber.java:81)
	at org.apache.maven.surefire.junit4.JUnit4Provider.execute(JUnit4Provider.java:252)
	at org.apache.maven.surefire.junit4.JUnit4Provider.executeTestSet(JUnit4Provider.java:141)
	at org.apache.maven.surefire.junit4.JUnit4Provider.invoke(JUnit4Provider.java:112)
	at sun.reflect.NativeMethodAccessorImpl.invoke0(Native Method)
	at sun.reflect.NativeMethodAccessorImpl.invoke(NativeMethodAccessorImpl.java:62)
	at sun.reflect.DelegatingMethodAccessorImpl.invoke(DelegatingMethodAccessorImpl.java:43)
	at java.lang.reflect.Method.invoke(Method.java:498)
	at org.apache.maven.surefire.util.ReflectionUtils.invokeMethodWithArray(ReflectionUtils.java:189)
	at org.apache.maven.surefire.booter.ProviderFactory$ProviderProxy.invoke(ProviderFactory.java:165)
	at org.apache.maven.surefire.booter.ProviderFactory.invokeProvider(ProviderFactory.java:85)
	at org.apache.maven.surefire.booter.ForkedBooter.runSuitesInProcess(ForkedBooter.java:115)
	at org.apache.maven.surefire.booter.ForkedBooter.main(ForkedBooter.java:75)
Caused by: java.lang.reflect.InvocationTargetException
	at sun.reflect.NativeMethodAccessorImpl.invoke0(Native Method)
	at sun.reflect.NativeMethodAccessorImpl.invoke(NativeMethodAccessorImpl.java:62)
	at sun.reflect.DelegatingMethodAccessorImpl.invoke(DelegatingMethodAccessorImpl.java:43)
	at java.lang.reflect.Method.invoke(Method.java:498)
	at cucumber.runtime.RuntimeOptions$1.invoke(RuntimeOptions.java:90)
	... 15 more
Caused by: java.lang.NullPointerException
	at cucumber.formatter.HTMLFormatter.writeBytes(HTMLFormatter.java:161)
	at cucumber.formatter.HTMLFormatter.copyReportFiles(HTMLFormatter.java:154)
	at cucumber.formatter.HTMLFormatter.done(HTMLFormatter.java:107)
	... 20 more
Caused by: java.lang.reflect.InvocationTargetException
	at sun.reflect.NativeMethodAccessorImpl.invoke0(Native Method)
	at sun.reflect.NativeMethodAccessorImpl.invoke(NativeMethodAccessorImpl.java:62)
	at sun.reflect.DelegatingMethodAccessorImpl.invoke(DelegatingMethodAccessorImpl.java:43)
	at java.lang.reflect.Method.invoke(Method.java:498)
	at cucumber.runtime.RuntimeOptions$1.invoke(RuntimeOptions.java:90)
	... 15 more
Caused by: java.lang.NullPointerException
	at cucumber.formatter.HTMLFormatter.writeBytes(HTMLFormatter.java:161)
	at cucumber.formatter.HTMLFormatter.copyReportFiles(HTMLFormatter.java:154)
	at cucumber.formatter.HTMLFormatter.done(HTMLFormatter.java:107)
	... 20 more

